<?xml version="1.0" encoding="UTF-8"?>
<testng-results skipped="8" failed="0" total="8" passed="0">
  <reporter-output>
  </reporter-output>
  <suite name="Default suite" duration-ms="15442" started-at="2020-01-07T13:46:37Z" finished-at="2020-01-07T13:46:52Z">
    <groups>
    </groups>
    <test name="Default test" duration-ms="15442" started-at="2020-01-07T13:46:37Z" finished-at="2020-01-07T13:46:52Z">
      <class name="TestPage.HomePageTest">
        <test-method status="FAIL" signature="verifynewwomen()[pri:0, instance:TestPage.HomePageTest@35aea049]" name="verifynewwomen" is-config="true" duration-ms="0" started-at="2020-01-07T19:16:37Z" finished-at="2020-01-07T19:16:37Z">
          <exception class="java.lang.AssertionError">
            <message>
              <![CDATA[expected [true] but found [false]]]>
            </message>
            <full-stacktrace>
              <![CDATA[java.lang.AssertionError: expected [true] but found [false]
	at org.testng.Assert.fail(Assert.java:94)
	at org.testng.Assert.failNotEquals(Assert.java:513)
	at org.testng.Assert.assertTrue(Assert.java:42)
	at org.testng.Assert.assertTrue(Assert.java:52)
	at TestPage.HomePageTest.verifynewwomen(HomePageTest.java:40)
	at sun.reflect.NativeMethodAccessorImpl.invoke0(Native Method)
	at sun.reflect.NativeMethodAccessorImpl.invoke(NativeMethodAccessorImpl.java:62)
	at sun.reflect.DelegatingMethodAccessorImpl.invoke(DelegatingMethodAccessorImpl.java:43)
	at java.lang.reflect.Method.invoke(Method.java:498)
	at org.testng.internal.MethodInvocationHelper.invokeMethod(MethodInvocationHelper.java:86)
	at org.testng.internal.Invoker.invokeConfigurationMethod(Invoker.java:514)
	at org.testng.internal.Invoker.invokeConfigurations(Invoker.java:215)
	at org.testng.internal.Invoker.invokeMethod(Invoker.java:589)
	at org.testng.internal.Invoker.invokeTestMethod(Invoker.java:822)
	at org.testng.internal.Invoker.invokeTestMethods(Invoker.java:1130)
	at org.testng.internal.TestMethodWorker.invokeTestMethods(TestMethodWorker.java:129)
	at org.testng.internal.TestMethodWorker.run(TestMethodWorker.java:112)
	at org.testng.TestRunner.privateRun(TestRunner.java:782)
	at org.testng.TestRunner.run(TestRunner.java:632)
	at org.testng.SuiteRunner.runTest(SuiteRunner.java:366)
	at org.testng.SuiteRunner.runSequentially(SuiteRunner.java:361)
	at org.testng.SuiteRunner.privateRun(SuiteRunner.java:319)
	at org.testng.SuiteRunner.run(SuiteRunner.java:268)
	at org.testng.SuiteRunnerWorker.runSuite(SuiteRunnerWorker.java:52)
	at org.testng.SuiteRunnerWorker.run(SuiteRunnerWorker.java:86)
	at org.testng.TestNG.runSuitesSequentially(TestNG.java:1244)
	at org.testng.TestNG.runSuitesLocally(TestNG.java:1169)
	at org.testng.TestNG.run(TestNG.java:1064)
	at org.testng.remote.RemoteTestNG.run(RemoteTestNG.java:113)
	at org.testng.remote.RemoteTestNG.initAndRun(RemoteTestNG.java:206)
	at org.testng.remote.RemoteTestNG.main(RemoteTestNG.java:177)
]]>
            </full-stacktrace>
          </exception> <!-- java.lang.AssertionError -->
          <reporter-output>
          </reporter-output>
        </test-method> <!-- verifynewwomen -->
        <test-method status="SKIP" signature="verifydresses()[pri:0, instance:TestPage.HomePageTest@35aea049]" name="verifydresses" duration-ms="1" started-at="2020-01-07T19:16:52Z" finished-at="2020-01-07T19:16:52Z">
          <reporter-output>
          </reporter-output>
        </test-method> <!-- verifydresses -->
        <test-method status="SKIP" signature="verifynewwomen()[pri:0, instance:TestPage.HomePageTest@35aea049]" name="verifynewwomen" is-config="true" duration-ms="0" started-at="2020-01-07T19:16:52Z" finished-at="2020-01-07T19:16:52Z">
          <reporter-output>
          </reporter-output>
        </test-method> <!-- verifynewwomen -->
        <test-method status="SKIP" signature="verifylarge()[pri:0, instance:TestPage.HomePageTest@35aea049]" name="verifylarge" duration-ms="1" started-at="2020-01-07T19:16:52Z" finished-at="2020-01-07T19:16:52Z">
          <reporter-output>
          </reporter-output>
        </test-method> <!-- verifylarge -->
        <test-method status="SKIP" signature="verifynewwomen()[pri:0, instance:TestPage.HomePageTest@35aea049]" name="verifynewwomen" is-config="true" duration-ms="0" started-at="2020-01-07T19:16:52Z" finished-at="2020-01-07T19:16:52Z">
          <reporter-output>
          </reporter-output>
        </test-method> <!-- verifynewwomen -->
        <test-method status="SKIP" signature="verifymeadium()[pri:0, instance:TestPage.HomePageTest@35aea049]" name="verifymeadium" duration-ms="1" started-at="2020-01-07T19:16:52Z" finished-at="2020-01-07T19:16:52Z">
          <reporter-output>
          </reporter-output>
        </test-method> <!-- verifymeadium -->
        <test-method status="SKIP" signature="verifynewwomen()[pri:0, instance:TestPage.HomePageTest@35aea049]" name="verifynewwomen" is-config="true" duration-ms="0" started-at="2020-01-07T19:16:52Z" finished-at="2020-01-07T19:16:52Z">
          <reporter-output>
          </reporter-output>
        </test-method> <!-- verifynewwomen -->
        <test-method status="SKIP" signature="verifynewTshirts()[pri:0, instance:TestPage.HomePageTest@35aea049]" name="verifynewTshirts" duration-ms="1" started-at="2020-01-07T19:16:52Z" finished-at="2020-01-07T19:16:52Z">
          <reporter-output>
          </reporter-output>
        </test-method> <!-- verifynewTshirts -->
        <test-method status="SKIP" signature="verifynewwomen()[pri:0, instance:TestPage.HomePageTest@35aea049]" name="verifynewwomen" is-config="true" duration-ms="0" started-at="2020-01-07T19:16:52Z" finished-at="2020-01-07T19:16:52Z">
          <reporter-output>
          </reporter-output>
        </test-method> <!-- verifynewwomen -->
        <test-method status="SKIP" signature="verifynewdresses()[pri:0, instance:TestPage.HomePageTest@35aea049]" name="verifynewdresses" duration-ms="1" started-at="2020-01-07T19:16:52Z" finished-at="2020-01-07T19:16:52Z">
          <reporter-output>
          </reporter-output>
        </test-method> <!-- verifynewdresses -->
        <test-method status="SKIP" signature="verifynewwomen()[pri:0, instance:TestPage.HomePageTest@35aea049]" name="verifynewwomen" is-config="true" duration-ms="0" started-at="2020-01-07T19:16:52Z" finished-at="2020-01-07T19:16:52Z">
          <reporter-output>
          </reporter-output>
        </test-method> <!-- verifynewwomen -->
        <test-method status="SKIP" signature="verifysmall()[pri:0, instance:TestPage.HomePageTest@35aea049]" name="verifysmall" duration-ms="2" started-at="2020-01-07T19:16:52Z" finished-at="2020-01-07T19:16:52Z">
          <reporter-output>
          </reporter-output>
        </test-method> <!-- verifysmall -->
        <test-method status="SKIP" signature="verifynewwomen()[pri:0, instance:TestPage.HomePageTest@35aea049]" name="verifynewwomen" is-config="true" duration-ms="0" started-at="2020-01-07T19:16:52Z" finished-at="2020-01-07T19:16:52Z">
          <reporter-output>
          </reporter-output>
        </test-method> <!-- verifynewwomen -->
        <test-method status="SKIP" signature="verifytshirts()[pri:0, instance:TestPage.HomePageTest@35aea049]" name="verifytshirts" duration-ms="1" started-at="2020-01-07T19:16:52Z" finished-at="2020-01-07T19:16:52Z">
          <reporter-output>
          </reporter-output>
        </test-method> <!-- verifytshirts -->
        <test-method status="SKIP" signature="verifynewwomen()[pri:0, instance:TestPage.HomePageTest@35aea049]" name="verifynewwomen" is-config="true" duration-ms="0" started-at="2020-01-07T19:16:52Z" finished-at="2020-01-07T19:16:52Z">
          <reporter-output>
          </reporter-output>
        </test-method> <!-- verifynewwomen -->
        <test-method status="SKIP" signature="verifywomen()[pri:0, instance:TestPage.HomePageTest@35aea049]" name="verifywomen" duration-ms="1" started-at="2020-01-07T19:16:52Z" finished-at="2020-01-07T19:16:52Z">
          <reporter-output>
          </reporter-output>
        </test-method> <!-- verifywomen -->
      </class> <!-- TestPage.HomePageTest -->
    </test> <!-- Default test -->
  </suite> <!-- Default suite -->
</testng-results>
